{
  "stats": {
    "suites": 2,
    "tests": 2,
    "passes": 2,
    "pending": 0,
    "failures": 0,
    "start": "2022-03-14T22:35:44.230Z",
    "end": "2022-03-14T22:36:02.026Z",
    "duration": 17796,
    "testsRegistered": 2,
    "passPercent": 100,
    "pendingPercent": 0,
    "other": 0,
    "hasOther": false,
    "skipped": 0,
    "hasSkipped": false
  },
  "results": [
    {
      "uuid": "1a2622d5-be72-45b8-9f55-cec7cfe28cbf",
      "title": "",
      "fullFile": "cypress/integration/cadastro.spec.js",
      "file": "cypress/integration/cadastro.spec.js",
      "beforeHooks": [],
      "afterHooks": [],
      "tests": [],
      "suites": [
        {
          "uuid": "77753148-ecdb-4d54-901d-6dc5a84455d9",
          "title": "Go to my account ",
          "fullFile": "",
          "file": "",
          "beforeHooks": [],
          "afterHooks": [],
          "tests": [
            {
              "title": "When user selects Sign in option, Authentication page is loaded",
              "fullTitle": "Go to my account  When user selects Sign in option, Authentication page is loaded",
              "timedOut": null,
              "duration": 5935,
              "state": "passed",
              "speed": "medium",
              "pass": true,
              "fail": false,
              "pending": false,
              "context": null,
              "code": "cy.visit('http://automationpractice.com/index.php');\ncy.get('a.login').click();\ncy.url().should('contain', 'authentication&back=my-account');",
              "err": {},
              "uuid": "dce44093-4237-4f18-8fa5-d7869b87845a",
              "parentUUID": "77753148-ecdb-4d54-901d-6dc5a84455d9",
              "isHook": false,
              "skipped": false
            }
          ],
          "suites": [],
          "passes": [
            "dce44093-4237-4f18-8fa5-d7869b87845a"
          ],
          "failures": [],
          "pending": [],
          "skipped": [],
          "duration": 5935,
          "root": false,
          "rootEmpty": false,
          "_timeout": 2000
        },
        {
          "uuid": "276235c2-6cc0-4ac7-874f-f17180692f04",
          "title": "Open Create account page",
          "fullFile": "",
          "file": "",
          "beforeHooks": [],
          "afterHooks": [],
          "tests": [
            {
              "title": "When user enter his email and click create an account, a new registration page will be opened and he will be able to registrate himself",
              "fullTitle": "Open Create account page When user enter his email and click create an account, a new registration page will be opened and he will be able to registrate himself",
              "timedOut": null,
              "duration": 9118,
              "state": "passed",
              "speed": "medium",
              "pass": true,
              "fail": false,
              "pending": false,
              "context": null,
              "code": "cy.visit('http://automationpractice.com/index.php?controller=authentication&back=my-account');\ncy.get('#email_create').type(chance.email());\ncy.get('#SubmitCreate').click();\ncy.url().should('contain', 'account-creation');\ncy.get('input#id_gender2').check();\ncy.get('#customer_firstname').type(firstName);\ncy.get('#customer_lastname').type(lastName);\ncy.get('#passwd').type(chance.string({\n  length: 5\n}));\ncy.get('select#days').select('21', {\n  force: true\n});\ncy.get('select#months').select('July', {\n  force: true\n});\ncy.get('select#years').select('1990', {\n  force: true\n});\ncy.get('#address1').type(chance.address());\ncy.get('#city').type(chance.city());\ncy.get('select#id_state').select('Illinois', {\n  force: true\n});\ncy.get('#postcode').type(chance.zip());\ncy.get('#phone_mobile').type(chance.phone({\n  formatted: false\n}));\ncy.get('#alias').type('Home');\ncy.get('#submitAccount').click();\ncy.url().should('contain', 'controller=my-account');",
              "err": {},
              "uuid": "a9cc9086-2fc3-40b0-a554-f8059db517ac",
              "parentUUID": "276235c2-6cc0-4ac7-874f-f17180692f04",
              "isHook": false,
              "skipped": false
            }
          ],
          "suites": [],
          "passes": [
            "a9cc9086-2fc3-40b0-a554-f8059db517ac"
          ],
          "failures": [],
          "pending": [],
          "skipped": [],
          "duration": 9118,
          "root": false,
          "rootEmpty": false,
          "_timeout": 2000
        }
      ],
      "passes": [],
      "failures": [],
      "pending": [],
      "skipped": [],
      "duration": 0,
      "root": true,
      "rootEmpty": true,
      "_timeout": 2000
    }
  ],
  "meta": {
    "mocha": {
      "version": "7.0.1"
    },
    "mochawesome": {
      "options": {
        "quiet": true,
        "reportFilename": "mochawesome",
        "saveHtml": false,
        "saveJson": true,
        "consoleReporter": "spec",
        "useInlineDiffs": false,
        "code": true
      },
      "version": "7.1.2"
    },
    "marge": {
      "options": {
        "id": "default",
        "reportDir": "mochawesome-report",
        "quiet": true,
        "overwrite": false,
        "html": false,
        "json": true
      },
      "version": "6.1.1"
    }
  }
}