{
  "stats": {
    "suites": 2,
    "tests": 2,
    "passes": 2,
    "pending": 0,
    "failures": 0,
    "start": "2022-03-14T21:23:36.716Z",
    "end": "2022-03-14T21:24:02.623Z",
    "duration": 25907,
    "testsRegistered": 2,
    "passPercent": 100,
    "pendingPercent": 0,
    "other": 0,
    "hasOther": false,
    "skipped": 0,
    "hasSkipped": false
  },
  "results": [
    {
      "uuid": "ff36b302-f081-4577-b4c3-7a04eca82099",
      "title": "",
      "fullFile": "cypress/integration/cadastro.spec.js",
      "file": "cypress/integration/cadastro.spec.js",
      "beforeHooks": [],
      "afterHooks": [],
      "tests": [],
      "suites": [
        {
          "uuid": "730cfd25-ce80-4682-8496-d451686421a3",
          "title": "Go to my account ",
          "fullFile": "",
          "file": "",
          "beforeHooks": [],
          "afterHooks": [],
          "tests": [
            {
              "title": "When user selects Sign in option, Authentication page is loaded",
              "fullTitle": "Go to my account  When user selects Sign in option, Authentication page is loaded",
              "timedOut": null,
              "duration": 8079,
              "state": "passed",
              "speed": "slow",
              "pass": true,
              "fail": false,
              "pending": false,
              "context": null,
              "code": "cy.visit('http://automationpractice.com/index.php');\ncy.get('a.login').click();\ncy.url().should('contain', 'authentication&back=my-account');",
              "err": {},
              "uuid": "af6e4f74-ba77-49ed-8f28-4a8870f70106",
              "parentUUID": "730cfd25-ce80-4682-8496-d451686421a3",
              "isHook": false,
              "skipped": false
            }
          ],
          "suites": [],
          "passes": [
            "af6e4f74-ba77-49ed-8f28-4a8870f70106"
          ],
          "failures": [],
          "pending": [],
          "skipped": [],
          "duration": 8079,
          "root": false,
          "rootEmpty": false,
          "_timeout": 2000
        },
        {
          "uuid": "61d17dbd-36a4-479d-9ad0-d1e2cc8b05bb",
          "title": "Open Create account page",
          "fullFile": "",
          "file": "",
          "beforeHooks": [],
          "afterHooks": [],
          "tests": [
            {
              "title": "When user enter his email and click create an account, a new registration page will be opened and he will be able to registrate himself",
              "fullTitle": "Open Create account page When user enter his email and click create an account, a new registration page will be opened and he will be able to registrate himself",
              "timedOut": null,
              "duration": 12480,
              "state": "passed",
              "speed": "slow",
              "pass": true,
              "fail": false,
              "pending": false,
              "context": null,
              "code": "cy.visit('http://automationpractice.com/index.php?controller=authentication&back=my-account');\ncy.get('#email_create').type(chance.email());\ncy.get('#SubmitCreate').click();\ncy.url().should('contain', 'account-creation');\ncy.get('input#id_gender2').check();\ncy.get('#customer_firstname').type(firstName);\ncy.get('#customer_lastname').type(lastName);\ncy.get('#passwd').type(chance.string({\n  length: 5\n}));\ncy.get('select#days').select('21', {\n  force: true\n});\ncy.get('select#months').select('July', {\n  force: true\n});\ncy.get('select#years').select('1990', {\n  force: true\n});\ncy.get('#address1').type(chance.address());\ncy.get('#city').type(chance.city());\ncy.get('select#id_state').select('Illinois', {\n  force: true\n});\ncy.get('#postcode').type(chance.zip());\ncy.get('#phone_mobile').type(chance.phone({\n  formatted: false\n}));\ncy.get('#alias').type('Home');\ncy.get('#submitAccount').click();\ncy.url().should('contain', 'controller=my-account');",
              "err": {},
              "uuid": "706c9f7a-19d9-4778-b59f-2af3a38031cf",
              "parentUUID": "61d17dbd-36a4-479d-9ad0-d1e2cc8b05bb",
              "isHook": false,
              "skipped": false
            }
          ],
          "suites": [],
          "passes": [
            "706c9f7a-19d9-4778-b59f-2af3a38031cf"
          ],
          "failures": [],
          "pending": [],
          "skipped": [],
          "duration": 12480,
          "root": false,
          "rootEmpty": false,
          "_timeout": 2000
        }
      ],
      "passes": [],
      "failures": [],
      "pending": [],
      "skipped": [],
      "duration": 0,
      "root": true,
      "rootEmpty": true,
      "_timeout": 2000
    }
  ],
  "meta": {
    "mocha": {
      "version": "7.0.1"
    },
    "mochawesome": {
      "options": {
        "quiet": true,
        "reportFilename": "mochawesome",
        "saveHtml": false,
        "saveJson": true,
        "consoleReporter": "spec",
        "useInlineDiffs": false,
        "code": true
      },
      "version": "7.1.2"
    },
    "marge": {
      "options": {
        "id": "default",
        "reportDir": "mochawesome-report",
        "quiet": true,
        "overwrite": false,
        "html": false,
        "json": true
      },
      "version": "6.1.1"
    }
  }
}